running egg_info
writing ../../build/wall_follower_pkg/wall_follower_pkg.egg-info/PKG-INFO
writing dependency_links to ../../build/wall_follower_pkg/wall_follower_pkg.egg-info/dependency_links.txt
writing entry points to ../../build/wall_follower_pkg/wall_follower_pkg.egg-info/entry_points.txt
writing requirements to ../../build/wall_follower_pkg/wall_follower_pkg.egg-info/requires.txt
writing top-level names to ../../build/wall_follower_pkg/wall_follower_pkg.egg-info/top_level.txt
reading manifest file '../../build/wall_follower_pkg/wall_follower_pkg.egg-info/SOURCES.txt'
writing manifest file '../../build/wall_follower_pkg/wall_follower_pkg.egg-info/SOURCES.txt'
running build
running build_py
copying wall_follower_pkg/wall_follower_node.py -> /home/aryanganesh/dev_ws/build/wall_follower_pkg/build/lib/wall_follower_pkg
running install
running install_lib
copying /home/aryanganesh/dev_ws/build/wall_follower_pkg/build/lib/wall_follower_pkg/wall_follower_node.py -> /home/aryanganesh/dev_ws/install/wall_follower_pkg/lib/python3.10/site-packages/wall_follower_pkg
byte-compiling /home/aryanganesh/dev_ws/install/wall_follower_pkg/lib/python3.10/site-packages/wall_follower_pkg/wall_follower_node.py to wall_follower_node.cpython-310.pyc
running install_data
running install_egg_info
removing '/home/aryanganesh/dev_ws/install/wall_follower_pkg/lib/python3.10/site-packages/wall_follower_pkg-0.0.0-py3.10.egg-info' (and everything under it)
Copying ../../build/wall_follower_pkg/wall_follower_pkg.egg-info to /home/aryanganesh/dev_ws/install/wall_follower_pkg/lib/python3.10/site-packages/wall_follower_pkg-0.0.0-py3.10.egg-info
running install_scripts
Installing wall_follower_node script to /home/aryanganesh/dev_ws/install/wall_follower_pkg/lib/wall_follower_pkg
writing list of installed files to '/home/aryanganesh/dev_ws/build/wall_follower_pkg/install.log'
