running egg_info
creating ../../build/wall_follower_pkg/wall_follower_pkg.egg-info
writing ../../build/wall_follower_pkg/wall_follower_pkg.egg-info/PKG-INFO
writing dependency_links to ../../build/wall_follower_pkg/wall_follower_pkg.egg-info/dependency_links.txt
writing entry points to ../../build/wall_follower_pkg/wall_follower_pkg.egg-info/entry_points.txt
writing requirements to ../../build/wall_follower_pkg/wall_follower_pkg.egg-info/requires.txt
writing top-level names to ../../build/wall_follower_pkg/wall_follower_pkg.egg-info/top_level.txt
writing manifest file '../../build/wall_follower_pkg/wall_follower_pkg.egg-info/SOURCES.txt'
reading manifest file '../../build/wall_follower_pkg/wall_follower_pkg.egg-info/SOURCES.txt'
writing manifest file '../../build/wall_follower_pkg/wall_follower_pkg.egg-info/SOURCES.txt'
running build
running build_py
creating /home/aryanganesh/dev_ws/build/wall_follower_pkg/build
creating /home/aryanganesh/dev_ws/build/wall_follower_pkg/build/lib
creating /home/aryanganesh/dev_ws/build/wall_follower_pkg/build/lib/wall_follower_pkg
copying wall_follower_pkg/__init__.py -> /home/aryanganesh/dev_ws/build/wall_follower_pkg/build/lib/wall_follower_pkg
copying wall_follower_pkg/wall_follower_node.py -> /home/aryanganesh/dev_ws/build/wall_follower_pkg/build/lib/wall_follower_pkg
running install
running install_lib
creating /home/aryanganesh/dev_ws/install/wall_follower_pkg/lib/python3.10/site-packages/wall_follower_pkg
copying /home/aryanganesh/dev_ws/build/wall_follower_pkg/build/lib/wall_follower_pkg/__init__.py -> /home/aryanganesh/dev_ws/install/wall_follower_pkg/lib/python3.10/site-packages/wall_follower_pkg
copying /home/aryanganesh/dev_ws/build/wall_follower_pkg/build/lib/wall_follower_pkg/wall_follower_node.py -> /home/aryanganesh/dev_ws/install/wall_follower_pkg/lib/python3.10/site-packages/wall_follower_pkg
byte-compiling /home/aryanganesh/dev_ws/install/wall_follower_pkg/lib/python3.10/site-packages/wall_follower_pkg/__init__.py to __init__.cpython-310.pyc
byte-compiling /home/aryanganesh/dev_ws/install/wall_follower_pkg/lib/python3.10/site-packages/wall_follower_pkg/wall_follower_node.py to wall_follower_node.cpython-310.pyc
running install_data
creating /home/aryanganesh/dev_ws/install/wall_follower_pkg/share/ament_index
creating /home/aryanganesh/dev_ws/install/wall_follower_pkg/share/ament_index/resource_index
creating /home/aryanganesh/dev_ws/install/wall_follower_pkg/share/ament_index/resource_index/packages
copying resource/wall_follower_pkg -> /home/aryanganesh/dev_ws/install/wall_follower_pkg/share/ament_index/resource_index/packages
copying package.xml -> /home/aryanganesh/dev_ws/install/wall_follower_pkg/share/wall_follower_pkg
running install_egg_info
Copying ../../build/wall_follower_pkg/wall_follower_pkg.egg-info to /home/aryanganesh/dev_ws/install/wall_follower_pkg/lib/python3.10/site-packages/wall_follower_pkg-0.0.0-py3.10.egg-info
running install_scripts
Installing wall_follower_node script to /home/aryanganesh/dev_ws/install/wall_follower_pkg/lib/wall_follower_pkg
writing list of installed files to '/home/aryanganesh/dev_ws/build/wall_follower_pkg/install.log'
