[0.614s] Invoking command in '/home/aryanganesh/dev_ws/src/wall_follower_pkg': PYTHONPATH=/home/aryanganesh/dev_ws/src/build/wall_follower_pkg/prefix_override:/usr/lib/python3/dist-packages/colcon_core/task/python/colcon_distutils_commands:/home/aryanganesh/dev_ws/src/install/wall_follower_pkg/lib/python3.10/site-packages:${PYTHONPATH} /usr/bin/python3 -W ignore:setup.py install is deprecated -W ignore:easy_install command is deprecated setup.py egg_info --egg-base ../build/wall_follower_pkg build --build-base /home/aryanganesh/dev_ws/src/build/wall_follower_pkg/build install --record /home/aryanganesh/dev_ws/src/build/wall_follower_pkg/install.log --single-version-externally-managed install_data
[0.840s] running egg_info
[0.841s] creating ../build/wall_follower_pkg/wall_follower_pkg.egg-info
[0.841s] writing ../build/wall_follower_pkg/wall_follower_pkg.egg-info/PKG-INFO
[0.842s] writing dependency_links to ../build/wall_follower_pkg/wall_follower_pkg.egg-info/dependency_links.txt
[0.842s] writing entry points to ../build/wall_follower_pkg/wall_follower_pkg.egg-info/entry_points.txt
[0.842s] writing requirements to ../build/wall_follower_pkg/wall_follower_pkg.egg-info/requires.txt
[0.842s] writing top-level names to ../build/wall_follower_pkg/wall_follower_pkg.egg-info/top_level.txt
[0.842s] writing manifest file '../build/wall_follower_pkg/wall_follower_pkg.egg-info/SOURCES.txt'
[0.845s] reading manifest file '../build/wall_follower_pkg/wall_follower_pkg.egg-info/SOURCES.txt'
[0.846s] writing manifest file '../build/wall_follower_pkg/wall_follower_pkg.egg-info/SOURCES.txt'
[0.846s] running build
[0.846s] running build_py
[0.846s] creating /home/aryanganesh/dev_ws/src/build/wall_follower_pkg/build
[0.847s] creating /home/aryanganesh/dev_ws/src/build/wall_follower_pkg/build/lib
[0.847s] creating /home/aryanganesh/dev_ws/src/build/wall_follower_pkg/build/lib/wall_follower_pkg
[0.847s] copying wall_follower_pkg/__init__.py -> /home/aryanganesh/dev_ws/src/build/wall_follower_pkg/build/lib/wall_follower_pkg
[0.847s] copying wall_follower_pkg/wall_follower_node.py -> /home/aryanganesh/dev_ws/src/build/wall_follower_pkg/build/lib/wall_follower_pkg
[0.847s] running install
[0.847s] running install_lib
[0.848s] creating /home/aryanganesh/dev_ws/src/install/wall_follower_pkg/lib/python3.10/site-packages/wall_follower_pkg
[0.848s] copying /home/aryanganesh/dev_ws/src/build/wall_follower_pkg/build/lib/wall_follower_pkg/__init__.py -> /home/aryanganesh/dev_ws/src/install/wall_follower_pkg/lib/python3.10/site-packages/wall_follower_pkg
[0.848s] copying /home/aryanganesh/dev_ws/src/build/wall_follower_pkg/build/lib/wall_follower_pkg/wall_follower_node.py -> /home/aryanganesh/dev_ws/src/install/wall_follower_pkg/lib/python3.10/site-packages/wall_follower_pkg
[0.849s] byte-compiling /home/aryanganesh/dev_ws/src/install/wall_follower_pkg/lib/python3.10/site-packages/wall_follower_pkg/__init__.py to __init__.cpython-310.pyc
[0.849s] byte-compiling /home/aryanganesh/dev_ws/src/install/wall_follower_pkg/lib/python3.10/site-packages/wall_follower_pkg/wall_follower_node.py to wall_follower_node.cpython-310.pyc
[0.849s] running install_data
[0.850s] creating /home/aryanganesh/dev_ws/src/install/wall_follower_pkg/share/ament_index
[0.850s] creating /home/aryanganesh/dev_ws/src/install/wall_follower_pkg/share/ament_index/resource_index
[0.850s] creating /home/aryanganesh/dev_ws/src/install/wall_follower_pkg/share/ament_index/resource_index/packages
[0.850s] copying resource/wall_follower_pkg -> /home/aryanganesh/dev_ws/src/install/wall_follower_pkg/share/ament_index/resource_index/packages
[0.850s] copying package.xml -> /home/aryanganesh/dev_ws/src/install/wall_follower_pkg/share/wall_follower_pkg
[0.850s] running install_egg_info
[0.851s] Copying ../build/wall_follower_pkg/wall_follower_pkg.egg-info to /home/aryanganesh/dev_ws/src/install/wall_follower_pkg/lib/python3.10/site-packages/wall_follower_pkg-0.0.0-py3.10.egg-info
[0.852s] running install_scripts
[0.872s] Installing wall_follower_node script to /home/aryanganesh/dev_ws/src/install/wall_follower_pkg/lib/wall_follower_pkg
[0.872s] writing list of installed files to '/home/aryanganesh/dev_ws/src/build/wall_follower_pkg/install.log'
[0.904s] Invoked command in '/home/aryanganesh/dev_ws/src/wall_follower_pkg' returned '0': PYTHONPATH=/home/aryanganesh/dev_ws/src/build/wall_follower_pkg/prefix_override:/usr/lib/python3/dist-packages/colcon_core/task/python/colcon_distutils_commands:/home/aryanganesh/dev_ws/src/install/wall_follower_pkg/lib/python3.10/site-packages:${PYTHONPATH} /usr/bin/python3 -W ignore:setup.py install is deprecated -W ignore:easy_install command is deprecated setup.py egg_info --egg-base ../build/wall_follower_pkg build --build-base /home/aryanganesh/dev_ws/src/build/wall_follower_pkg/build install --record /home/aryanganesh/dev_ws/src/build/wall_follower_pkg/install.log --single-version-externally-managed install_data
